E:\REGINA\CS408\A5\ASS5\ASSN5\DEBUG\DISPLAYLIST.OBJ
E:\REGINA\CS408\A5\ASS5\ASSN5\DEBUG\MATERIAL.OBJ
E:\REGINA\CS408\A5\ASS5\ASSN5\DEBUG\MTLLIBRARY.OBJ
E:\REGINA\CS408\A5\ASS5\ASSN5\DEBUG\MTLLIBRARYMANAGER.OBJ
E:\REGINA\CS408\A5\ASS5\ASSN5\DEBUG\OBJMODEL.OBJ
E:\REGINA\CS408\A5\ASS5\ASSN5\DEBUG\OBJSTRINGPARSING.OBJ
E:\REGINA\CS408\A5\ASS5\ASSN5\DEBUG\SPRITEFONT.OBJ
E:\REGINA\CS408\A5\ASS5\ASSN5\DEBUG\TEXTURE.OBJ
E:\REGINA\CS408\A5\ASS5\ASSN5\DEBUG\TEXTUREBMP.OBJ
E:\REGINA\CS408\A5\ASS5\ASSN5\DEBUG\TEXTUREMANAGER.OBJ
E:\REGINA\CS408\A5\ASS5\ASSN5\DEBUG\VECTOR2.OBJ
E:\REGINA\CS408\A5\ASS5\ASSN5\DEBUG\VECTOR3.OBJ
E:\REGINA\CS408\A5\ASS5\ASSN5\DEBUG\MAIN3.OBJ
E:\REGINA\CS408\A5\ASS5\ASSN5\DEBUG\SLEEP.OBJ
E:\REGINA\CS408\A5\ASS5\ASSN5\DEBUG\VC110.PDB
E:\REGINA\CS408\A5\ASS5\ASSN5\DEBUG\ASSN5.ILK
E:\REGINA\CS408\A5\ASS5\ASSN5\DEBUG\ASSN5.EXE
E:\REGINA\CS408\A5\ASS5\ASSN5\DEBUG\ASSN5.PDB
e:\Regina\CS408\a5\ass5\assn5\Debug\DisplayList.obj
e:\Regina\CS408\a5\ass5\assn5\Debug\main3.obj
e:\Regina\CS408\a5\ass5\assn5\Debug\Material.obj
e:\Regina\CS408\a5\ass5\assn5\Debug\MtlLibrary.obj
e:\Regina\CS408\a5\ass5\assn5\Debug\MtlLibraryManager.obj
e:\Regina\CS408\a5\ass5\assn5\Debug\ObjModel.obj
e:\Regina\CS408\a5\ass5\assn5\Debug\ObjStringParsing.obj
e:\Regina\CS408\a5\ass5\assn5\Debug\Sleep.obj
e:\Regina\CS408\a5\ass5\assn5\Debug\SpriteFont.obj
e:\Regina\CS408\a5\ass5\assn5\Debug\Texture.obj
e:\Regina\CS408\a5\ass5\assn5\Debug\TextureBmp.obj
e:\Regina\CS408\a5\ass5\assn5\Debug\TextureManager.obj
e:\Regina\CS408\a5\ass5\assn5\Debug\Vector2.obj
e:\Regina\CS408\a5\ass5\assn5\Debug\Vector3.obj
e:\Regina\CS408\a5\ass5\assn5\Debug\assn5.ilk
e:\Regina\CS408\a5\ass5\assn5\Debug\cl.command.1.tlog
e:\Regina\CS408\a5\ass5\assn5\Debug\CL.read.1.tlog
e:\Regina\CS408\a5\ass5\assn5\Debug\CL.write.1.tlog
e:\Regina\CS408\a5\ass5\assn5\Debug\link-cvtres.read.1.tlog
e:\Regina\CS408\a5\ass5\assn5\Debug\link-cvtres.write.1.tlog
e:\Regina\CS408\a5\ass5\assn5\Debug\link-rc.read.1.tlog
e:\Regina\CS408\a5\ass5\assn5\Debug\link-rc.write.1.tlog
e:\Regina\CS408\a5\ass5\assn5\Debug\link.11688-cvtres.read.1.tlog
e:\Regina\CS408\a5\ass5\assn5\Debug\link.11688-cvtres.write.1.tlog
e:\Regina\CS408\a5\ass5\assn5\Debug\link.11688-rc.read.1.tlog
e:\Regina\CS408\a5\ass5\assn5\Debug\link.11688-rc.write.1.tlog
e:\Regina\CS408\a5\ass5\assn5\Debug\link.11688.read.1.tlog
e:\Regina\CS408\a5\ass5\assn5\Debug\link.11688.write.1.tlog
e:\Regina\CS408\a5\ass5\assn5\Debug\link.3856-cvtres.read.1.tlog
e:\Regina\CS408\a5\ass5\assn5\Debug\link.3856-cvtres.write.1.tlog
e:\Regina\CS408\a5\ass5\assn5\Debug\link.3856-rc.read.1.tlog
e:\Regina\CS408\a5\ass5\assn5\Debug\link.3856-rc.write.1.tlog
e:\Regina\CS408\a5\ass5\assn5\Debug\link.3856.read.1.tlog
e:\Regina\CS408\a5\ass5\assn5\Debug\link.3856.write.1.tlog
e:\Regina\CS408\a5\ass5\assn5\Debug\link.9160-cvtres.read.1.tlog
e:\Regina\CS408\a5\ass5\assn5\Debug\link.9160-cvtres.write.1.tlog
e:\Regina\CS408\a5\ass5\assn5\Debug\link.9160-rc.read.1.tlog
e:\Regina\CS408\a5\ass5\assn5\Debug\link.9160-rc.write.1.tlog
e:\Regina\CS408\a5\ass5\assn5\Debug\link.9160.read.1.tlog
e:\Regina\CS408\a5\ass5\assn5\Debug\link.9160.write.1.tlog
e:\Regina\CS408\a5\ass5\assn5\Debug\link.command.1.tlog
e:\Regina\CS408\a5\ass5\assn5\Debug\link.read.1.tlog
e:\Regina\CS408\a5\ass5\assn5\Debug\link.write.1.tlog
e:\Regina\CS408\a5\ass5\assn5\Debug\vc110.idb
e:\Regina\CS408\a5\ass5\assn5\Debug\assn5.pdb
e:\Regina\CS408\a5\ass5\assn5\Debug\vc110.pdb
E:\Regina\CS408\a5\ass5\assn5\Debug\assn5.pdb
E:\Regina\CS408\a5\ass5\assn5\Debug\assn5.exe
E:\Regina\CS408\a5\ass5\assn5\Debug\assn5.ilk
